2015-03-20 10:17:48,776 [ModalContext] WARN  o.e.m.i.discovery.MavenDiscovery - CatalogItem org.eclipse.m2e.discovery.lifecyclemapping.m2e-egit does not contain lifecycle mapping metadata
2015-03-20 10:17:48,783 [ModalContext] WARN  o.e.m.i.discovery.MavenDiscovery - CatalogItem org.eclipse.m2e.discovery.lifecyclemapping.m2e-subversive does not contain lifecycle mapping metadata
2015-03-20 10:17:48,785 [ModalContext] WARN  o.e.m.i.discovery.MavenDiscovery - CatalogItem org.eclipse.m2e.discovery.lifecyclemapping.m2e-subclipse does not contain lifecycle mapping metadata
2015-03-20 10:17:48,815 [ModalContext] WARN  o.e.m.i.discovery.MavenDiscovery - CatalogItem org.eclipse.xtext.m2e.xtextConfigurator does not contain lifecycle mapping metadata
2015-03-20 10:17:57,922 [Worker-5] INFO  o.e.m.c.i.l.LifecycleMappingFactory - Using org.eclipse.m2e.jdt.JarLifecycleMapping lifecycle mapping for MavenProject: healassist:server.router:0.0.1-SNAPSHOT @ C:\1-dev\1-ver-con\git-hub\HealAssist\ComModule\target\classes\META-INF\maven\healassist\server.router\pom.xml.
2015-03-20 10:17:58,036 [Worker-5] WARN  o.e.m.c.i.embedder.EclipseLogger - The POM for healassist:server.router:jar:0.0.1-SNAPSHOT is missing, no dependency information available
2015-03-20 10:17:58,112 [Worker-5] INFO  o.e.m.c.i.l.LifecycleMappingFactory - Using org.eclipse.m2e.jdt.JarLifecycleMapping lifecycle mapping for MavenProject: healassist:server.datapackage:0.0.1-SNAPSHOT @ C:\1-dev\1-ver-con\git-hub\HealAssist\healassist.server.datapackage\pom.xml.
2015-03-20 10:17:58,150 [Worker-5] INFO  o.e.m.c.i.l.LifecycleMappingFactory - Using org.eclipse.m2e.jdt.JarLifecycleMapping lifecycle mapping for MavenProject: healassist:server.signaling:0.0.1-SNAPSHOT @ C:\1-dev\1-ver-con\git-hub\HealAssist\healassist.server.signaling\pom.xml.
2015-03-20 10:17:58,207 [Worker-5] INFO  o.e.m.c.i.l.LifecycleMappingFactory - Using org.eclipse.m2e.jdt.JarLifecycleMapping lifecycle mapping for MavenProject: healassist:server.external.communication:0.0.1-SNAPSHOT @ C:\1-dev\1-ver-con\git-hub\HealAssist\server.external.communication\pom.xml.
2015-03-20 10:17:58,247 [Worker-5] INFO  o.e.m.c.i.l.LifecycleMappingFactory - Using org.eclipse.m2e.jdt.JarLifecycleMapping lifecycle mapping for MavenProject: healassist:server.info.management.regsys:0.0.1-SNAPSHOT @ C:\1-dev\1-ver-con\git-hub\HealAssist\server.info.management.regsys\pom.xml.
2015-03-20 10:17:59,876 [Worker-3] INFO  o.e.m.c.i.l.LifecycleMappingFactory - Using org.eclipse.m2e.jdt.JarLifecycleMapping lifecycle mapping for MavenProject: healassist:server.datapackage:0.0.1-SNAPSHOT @ C:\1-dev\1-ver-con\git-hub\HealAssist\healassist.server.datapackage\pom.xml.
2015-03-20 10:17:59,968 [Worker-3] WARN  o.e.m.c.i.embedder.EclipseLogger - The POM for healassist:server.datapackage:jar:0.0.1-SNAPSHOT is missing, no dependency information available
2015-03-20 10:18:00,623 [Worker-3] INFO  o.e.m.c.i.l.LifecycleMappingFactory - Using org.eclipse.m2e.jdt.JarLifecycleMapping lifecycle mapping for MavenProject: healassist:server.signaling:0.0.1-SNAPSHOT @ C:\1-dev\1-ver-con\git-hub\HealAssist\healassist.server.signaling\pom.xml.
2015-03-20 10:18:00,646 [Worker-2] WARN  o.e.m.c.i.embedder.EclipseLogger - Using platform encoding (Cp1252 actually) to copy filtered resources, i.e. build is platform dependent!
2015-03-20 10:18:00,647 [Worker-2] INFO  o.e.m.c.i.embedder.EclipseLogger - skip non existing resourceDirectory C:\1-dev\1-ver-con\git-hub\HealAssist\healassist.server.signaling\src\main\resources
2015-03-20 10:18:00,650 [Worker-2] WARN  o.e.m.c.i.embedder.EclipseLogger - Using platform encoding (Cp1252 actually) to copy filtered resources, i.e. build is platform dependent!
2015-03-20 10:18:00,651 [Worker-2] INFO  o.e.m.c.i.embedder.EclipseLogger - skip non existing resourceDirectory C:\1-dev\1-ver-con\git-hub\HealAssist\healassist.server.signaling\src\test\resources
2015-03-20 10:18:00,662 [Worker-3] INFO  o.e.m.c.i.l.LifecycleMappingFactory - Using org.eclipse.m2e.jdt.JarLifecycleMapping lifecycle mapping for MavenProject: healassist:server.external.communication:0.0.1-SNAPSHOT @ C:\1-dev\1-ver-con\git-hub\HealAssist\server.external.communication\pom.xml.
2015-03-20 10:18:00,665 [Worker-2] WARN  o.e.m.c.i.embedder.EclipseLogger - Using platform encoding (Cp1252 actually) to copy filtered resources, i.e. build is platform dependent!
2015-03-20 10:18:00,666 [Worker-2] INFO  o.e.m.c.i.embedder.EclipseLogger - skip non existing resourceDirectory C:\1-dev\1-ver-con\git-hub\HealAssist\server.external.communication\src\main\resources
2015-03-20 10:18:00,674 [Worker-2] WARN  o.e.m.c.i.embedder.EclipseLogger - Using platform encoding (Cp1252 actually) to copy filtered resources, i.e. build is platform dependent!
2015-03-20 10:18:00,675 [Worker-2] INFO  o.e.m.c.i.embedder.EclipseLogger - skip non existing resourceDirectory C:\1-dev\1-ver-con\git-hub\HealAssist\server.external.communication\src\test\resources
2015-03-20 10:18:00,695 [Worker-2] WARN  o.e.m.c.i.embedder.EclipseLogger - Using platform encoding (Cp1252 actually) to copy filtered resources, i.e. build is platform dependent!
2015-03-20 10:18:00,696 [Worker-2] INFO  o.e.m.c.i.embedder.EclipseLogger - skip non existing resourceDirectory C:\1-dev\1-ver-con\git-hub\HealAssist\server.info.management.regsys\src\main\resources
2015-03-20 10:18:00,698 [Worker-2] WARN  o.e.m.c.i.embedder.EclipseLogger - Using platform encoding (Cp1252 actually) to copy filtered resources, i.e. build is platform dependent!
2015-03-20 10:18:00,699 [Worker-2] INFO  o.e.m.c.i.embedder.EclipseLogger - skip non existing resourceDirectory C:\1-dev\1-ver-con\git-hub\HealAssist\server.info.management.regsys\src\test\resources
2015-03-20 10:18:00,714 [Worker-2] WARN  o.e.m.c.i.embedder.EclipseLogger - Using platform encoding (Cp1252 actually) to copy filtered resources, i.e. build is platform dependent!
2015-03-20 10:18:00,715 [Worker-2] INFO  o.e.m.c.i.embedder.EclipseLogger - skip non existing resourceDirectory C:\1-dev\1-ver-con\git-hub\HealAssist\ComModule\target\classes\META-INF\maven\healassist\server.router\src\main\resources
2015-03-20 10:18:00,718 [Worker-2] WARN  o.e.m.c.i.embedder.EclipseLogger - Using platform encoding (Cp1252 actually) to copy filtered resources, i.e. build is platform dependent!
2015-03-20 10:18:00,719 [Worker-2] INFO  o.e.m.c.i.embedder.EclipseLogger - skip non existing resourceDirectory C:\1-dev\1-ver-con\git-hub\HealAssist\ComModule\target\classes\META-INF\maven\healassist\server.router\src\test\resources
2015-03-20 10:18:00,719 [Worker-3] INFO  o.e.m.c.i.l.LifecycleMappingFactory - Using org.eclipse.m2e.jdt.JarLifecycleMapping lifecycle mapping for MavenProject: healassist:server.info.management.regsys:0.0.1-SNAPSHOT @ C:\1-dev\1-ver-con\git-hub\HealAssist\server.info.management.regsys\pom.xml.
2015-03-20 10:18:00,775 [Worker-2] WARN  o.e.m.c.i.embedder.EclipseLogger - Using platform encoding (Cp1252 actually) to copy filtered resources, i.e. build is platform dependent!
2015-03-20 10:18:00,776 [Worker-2] INFO  o.e.m.c.i.embedder.EclipseLogger - skip non existing resourceDirectory C:\1-dev\1-ver-con\git-hub\HealAssist\healassist.server.datapackage\src\main\resources
2015-03-20 10:18:00,778 [Worker-2] WARN  o.e.m.c.i.embedder.EclipseLogger - Using platform encoding (Cp1252 actually) to copy filtered resources, i.e. build is platform dependent!
2015-03-20 10:18:00,779 [Worker-2] INFO  o.e.m.c.i.embedder.EclipseLogger - skip non existing resourceDirectory C:\1-dev\1-ver-con\git-hub\HealAssist\healassist.server.datapackage\src\test\resources
2015-03-20 10:18:00,806 [Worker-3] INFO  o.e.m.c.i.l.LifecycleMappingFactory - Using org.eclipse.m2e.jdt.JarLifecycleMapping lifecycle mapping for MavenProject: healassist:server.router:0.0.1-SNAPSHOT @ C:\1-dev\1-ver-con\git-hub\HealAssist\ComModule\target\classes\META-INF\maven\healassist\server.router\pom.xml.
2015-03-20 10:18:00,818 [Worker-3] WARN  o.e.m.c.i.embedder.EclipseLogger - The POM for healassist:server.router:jar:0.0.1-SNAPSHOT is missing, no dependency information available
2015-03-20 10:18:02,181 [Worker-6] WARN  o.e.m.c.i.embedder.EclipseLogger - Using platform encoding (Cp1252 actually) to copy filtered resources, i.e. build is platform dependent!
2015-03-20 10:18:02,182 [Worker-6] INFO  o.e.m.c.i.embedder.EclipseLogger - skip non existing resourceDirectory C:\1-dev\1-ver-con\git-hub\HealAssist\healassist.server.signaling\src\main\resources
2015-03-20 10:18:02,184 [Worker-6] WARN  o.e.m.c.i.embedder.EclipseLogger - Using platform encoding (Cp1252 actually) to copy filtered resources, i.e. build is platform dependent!
2015-03-20 10:18:02,185 [Worker-6] INFO  o.e.m.c.i.embedder.EclipseLogger - skip non existing resourceDirectory C:\1-dev\1-ver-con\git-hub\HealAssist\healassist.server.signaling\src\test\resources
2015-03-20 10:18:02,197 [Worker-6] WARN  o.e.m.c.i.embedder.EclipseLogger - Using platform encoding (Cp1252 actually) to copy filtered resources, i.e. build is platform dependent!
2015-03-20 10:18:02,198 [Worker-6] INFO  o.e.m.c.i.embedder.EclipseLogger - skip non existing resourceDirectory C:\1-dev\1-ver-con\git-hub\HealAssist\server.external.communication\src\main\resources
2015-03-20 10:18:02,200 [Worker-6] WARN  o.e.m.c.i.embedder.EclipseLogger - Using platform encoding (Cp1252 actually) to copy filtered resources, i.e. build is platform dependent!
2015-03-20 10:18:02,201 [Worker-6] INFO  o.e.m.c.i.embedder.EclipseLogger - skip non existing resourceDirectory C:\1-dev\1-ver-con\git-hub\HealAssist\server.external.communication\src\test\resources
2015-03-20 10:18:02,213 [Worker-6] WARN  o.e.m.c.i.embedder.EclipseLogger - Using platform encoding (Cp1252 actually) to copy filtered resources, i.e. build is platform dependent!
2015-03-20 10:18:02,214 [Worker-6] INFO  o.e.m.c.i.embedder.EclipseLogger - skip non existing resourceDirectory C:\1-dev\1-ver-con\git-hub\HealAssist\server.info.management.regsys\src\main\resources
2015-03-20 10:18:02,219 [Worker-6] WARN  o.e.m.c.i.embedder.EclipseLogger - Using platform encoding (Cp1252 actually) to copy filtered resources, i.e. build is platform dependent!
2015-03-20 10:18:02,220 [Worker-6] INFO  o.e.m.c.i.embedder.EclipseLogger - skip non existing resourceDirectory C:\1-dev\1-ver-con\git-hub\HealAssist\server.info.management.regsys\src\test\resources
2015-03-20 10:18:02,234 [Worker-6] WARN  o.e.m.c.i.embedder.EclipseLogger - Using platform encoding (Cp1252 actually) to copy filtered resources, i.e. build is platform dependent!
2015-03-20 10:18:02,235 [Worker-6] INFO  o.e.m.c.i.embedder.EclipseLogger - skip non existing resourceDirectory C:\1-dev\1-ver-con\git-hub\HealAssist\healassist.server.datapackage\src\main\resources
2015-03-20 10:18:02,237 [Worker-6] WARN  o.e.m.c.i.embedder.EclipseLogger - Using platform encoding (Cp1252 actually) to copy filtered resources, i.e. build is platform dependent!
2015-03-20 10:18:02,239 [Worker-6] INFO  o.e.m.c.i.embedder.EclipseLogger - skip non existing resourceDirectory C:\1-dev\1-ver-con\git-hub\HealAssist\healassist.server.datapackage\src\test\resources
